#
# There is insufficient memory for the Java Runtime Environment to continue.
# Native memory allocation (malloc) failed to allocate 1253856 bytes for Chunk::new
# Possible reasons:
#   The system is out of physical RAM or swap space
#   In 32 bit mode, the process size limit was hit
# Possible solutions:
#   Reduce memory load on the system
#   Increase physical memory or swap space
#   Check if swap backing store is full
#   Use 64 bit Java on a 64 bit OS
#   Decrease Java heap size (-Xmx/-Xms)
#   Decrease number of Java threads
#   Decrease Java thread stack sizes (-Xss)
#   Set larger code cache with -XX:ReservedCodeCacheSize=
# This output file may be truncated or incomplete.
#
#  Out of Memory Error (allocation.cpp:390), pid=1404, tid=0x0000000000003b08
#
# JRE version: Java(TM) SE Runtime Environment (8.0_151-b12) (build 1.8.0_151-b12)
# Java VM: Java HotSpot(TM) 64-Bit Server VM (25.151-b12 mixed mode windows-amd64 compressed oops)
# Failed to write core dump. Minidumps are not enabled by default on client versions of Windows
#

---------------  T H R E A D  ---------------

Current thread (0x000000001d94b800):  JavaThread "C2 CompilerThread0" daemon [_thread_in_native, id=15112, stack(0x000000001e010000,0x000000001e110000)]

Stack: [0x000000001e010000,0x000000001e110000]
[error occurred during error reporting (printing stack bounds), id 0xc0000005]

Native frames: (J=compiled Java code, j=interpreted, Vv=VM code, C=native code)


Current CompileTask:
C2:  45259 8804       4       java.lang.Class::privateGetMethodRecursive (130 bytes)


---------------  P R O C E S S  ---------------

Java Threads: ( => current thread )
  0x000000001eb2a000 JavaThread "HikariPool-1 connection adder" daemon [_thread_blocked, id=7272, stack(0x00000000280c0000,0x00000000281c0000)]
  0x000000001eb29800 JavaThread "HikariPool-1 housekeeper" daemon [_thread_blocked, id=20308, stack(0x0000000027fc0000,0x00000000280c0000)]
  0x000000001eb2c800 JavaThread "container-0" [_thread_blocked, id=23548, stack(0x0000000027cc0000,0x0000000027dc0000)]
  0x000000001eb2b800 JavaThread "Catalina-utility-2" [_thread_blocked, id=4464, stack(0x00000000263c0000,0x00000000264c0000)]
  0x000000001eb2e800 JavaThread "Catalina-utility-1" [_thread_blocked, id=15700, stack(0x0000000023a30000,0x0000000023b30000)]
  0x000000001eddf800 JavaThread "main" [_thread_in_Java, id=27236, stack(0x0000000023650000,0x0000000023750000)]
  0x000000001d9f4800 JavaThread "Service Thread" daemon [_thread_blocked, id=15776, stack(0x000000001e310000,0x000000001e410000)]
  0x000000001d952800 JavaThread "C1 CompilerThread2" daemon [_thread_blocked, id=14760, stack(0x000000001e210000,0x000000001e310000)]
  0x000000001d94f800 JavaThread "C2 CompilerThread1" daemon [_thread_in_native, id=10724, stack(0x000000001e110000,0x000000001e210000)]
=>0x000000001d94b800 JavaThread "C2 CompilerThread0" daemon [_thread_in_native, id=15112, stack(0x000000001e010000,0x000000001e110000)]
  0x000000001d927800 JavaThread "Monitor Ctrl-Break" daemon [_thread_in_native, id=12344, stack(0x000000001df10000,0x000000001e010000)]
  0x000000001c4fd800 JavaThread "Attach Listener" daemon [_thread_blocked, id=28932, stack(0x000000001de10000,0x000000001df10000)]
  0x000000001c4af800 JavaThread "Signal Dispatcher" daemon [_thread_blocked, id=11808, stack(0x000000001dd10000,0x000000001de10000)]
  0x000000001c489800 JavaThread "Finalizer" daemon [_thread_blocked, id=32752, stack(0x000000001d710000,0x000000001d810000)]
  0x0000000002d72000 JavaThread "Reference Handler" daemon [_thread_blocked, id=11312, stack(0x000000001d610000,0x000000001d710000)]
  0x0000000002c82800 JavaThread "main" [_thread_blocked, id=22892, stack(0x0000000000e90000,0x0000000000f90000)]

Other Threads:
  0x000000001c467800 VMThread [stack: 0x000000001d510000,0x000000001d610000] [id=29888]
  0x000000001d9cf800 WatcherThread [stack: 0x000000001e410000,0x000000001e510000] [id=29612]

VM state:not at safepoint (normal execution)

VM Mutex/Monitor currently owned by a thread: None

Heap:
 PSYoungGen      total 432128K, used 304977K [0x000000076b000000, 0x000000078c400000, 0x00000007c0000000)
  eden space 409600K, 74% used [0x000000076b000000,0x000000077d9d4720,0x0000000784000000)
  from space 22528K, 0% used [0x0000000785c80000,0x0000000785c80000,0x0000000787280000)
  to   space 29184K, 0% used [0x0000000784000000,0x0000000784000000,0x0000000785c80000)
 ParOldGen       total 202752K, used 56800K [0x00000006c1000000, 0x00000006cd600000, 0x000000076b000000)
  object space 202752K, 28% used [0x00000006c1000000,0x00000006c4778360,0x00000006cd600000)
 Metaspace       used 77400K, capacity 80736K, committed 81024K, reserved 1120256K
  class space    used 10451K, capacity 11042K, committed 11136K, reserved 1048576K

Card table byte_map: [0x0000000012230000,0x0000000012a30000] byte_map_base: 0x000000000ec28000

Marking Bits: (ParMarkBitMap*) 0x0000000054ecd850
 Begin Bits: [0x0000000013380000, 0x0000000017340000)
 End Bits:   [0x0000000017340000, 0x000000001b300000)

Polling page: 0x0000000000a90000

CodeCache: size=245760Kb used=29259Kb max_used=29354Kb free=216500Kb
 bounds [0x0000000002e70000, 0x0000000004b40000, 0x0000000011e70000]
 total_blobs=8073 nmethods=7504 adapters=480
 compilation: enabled

Compilation events (10 events):
Event: 45.220 Thread 0x000000001d952800 8836       3       org.springframework.context.support.AbstractApplicationContext::assertBeanFactoryActive (81 bytes)
Event: 45.221 Thread 0x000000001d952800 nmethod 8836 0x0000000004197450 code [0x00000000041976c0, 0x0000000004198978]
Event: 45.221 Thread 0x000000001d952800 8838       3       org.springframework.context.support.AbstractApplicationContext::findAnnotationOnBean (16 bytes)
Event: 45.221 Thread 0x000000001d952800 nmethod 8838 0x0000000004196e10 code [0x0000000004196fa0, 0x0000000004197348]
Event: 45.221 Thread 0x000000001d952800 8837   !   3       com.sun.proxy.$Proxy104::annotationType (29 bytes)
Event: 45.221 Thread 0x000000001d952800 nmethod 8837 0x0000000004041250 code [0x00000000040413e0, 0x0000000004041818]
Event: 45.223 Thread 0x000000001d952800 8839   !   3       com.sun.proxy.$Proxy82::hashCode (32 bytes)
Event: 45.223 Thread 0x000000001d952800 nmethod 8839 0x0000000003827690 code [0x0000000003827820, 0x0000000003827cf8]
Event: 45.248 Thread 0x000000001d952800 8840   !   3       com.sun.proxy.$Proxy36::hashCode (32 bytes)
Event: 45.248 Thread 0x000000001d952800 nmethod 8840 0x0000000003826e10 code [0x0000000003826fa0, 0x0000000003827478]

GC Heap History (10 events):
Event: 24.187 GC heap before
{Heap before GC invocations=9 (full 2):
 PSYoungGen      total 286208K, used 13498K [0x000000076b000000, 0x0000000787880000, 0x00000007c0000000)
  eden space 262144K, 0% used [0x000000076b000000,0x000000076b000000,0x000000077b000000)
  from space 24064K, 56% used [0x000000077b000000,0x000000077bd2e900,0x000000077c780000)
  to   space 23552K, 0% used [0x0000000786180000,0x0000000786180000,0x0000000787880000)
 ParOldGen       total 135680K, used 33501K [0x00000006c1000000, 0x00000006c9480000, 0x000000076b000000)
  object space 135680K, 24% used [0x00000006c1000000,0x00000006c30b7720,0x00000006c9480000)
 Metaspace       used 34381K, capacity 35434K, committed 35496K, reserved 1081344K
  class space    used 4310K, capacity 4595K, committed 4608K, reserved 1048576K
Event: 24.462 GC heap after
Heap after GC invocations=9 (full 2):
 PSYoungGen      total 286208K, used 0K [0x000000076b000000, 0x0000000787880000, 0x00000007c0000000)
  eden space 262144K, 0% used [0x000000076b000000,0x000000076b000000,0x000000077b000000)
  from space 24064K, 0% used [0x000000077b000000,0x000000077b000000,0x000000077c780000)
  to   space 23552K, 0% used [0x0000000786180000,0x0000000786180000,0x0000000787880000)
 ParOldGen       total 202752K, used 44450K [0x00000006c1000000, 0x00000006cd600000, 0x000000076b000000)
  object space 202752K, 21% used [0x00000006c1000000,0x00000006c3b68a50,0x00000006cd600000)
 Metaspace       used 34381K, capacity 35434K, committed 35496K, reserved 1081344K
  class space    used 4310K, capacity 4595K, committed 4608K, reserved 1048576K
}
Event: 31.325 GC heap before
{Heap before GC invocations=10 (full 2):
 PSYoungGen      total 286208K, used 262144K [0x000000076b000000, 0x0000000787880000, 0x00000007c0000000)
  eden space 262144K, 100% used [0x000000076b000000,0x000000077b000000,0x000000077b000000)
  from space 24064K, 0% used [0x000000077b000000,0x000000077b000000,0x000000077c780000)
  to   space 23552K, 0% used [0x0000000786180000,0x0000000786180000,0x0000000787880000)
 ParOldGen       total 202752K, used 44450K [0x00000006c1000000, 0x00000006cd600000, 0x000000076b000000)
  object space 202752K, 21% used [0x00000006c1000000,0x00000006c3b68a50,0x00000006cd600000)
 Metaspace       used 42785K, capacity 44324K, committed 44544K, reserved 1087488K
  class space    used 5448K, capacity 5808K, committed 5888K, reserved 1048576K
Event: 31.346 GC heap after
Heap after GC invocations=10 (full 2):
 PSYoungGen      total 365056K, used 18192K [0x000000076b000000, 0x0000000787380000, 0x00000007c0000000)
  eden space 346624K, 0% used [0x000000076b000000,0x000000076b000000,0x0000000780280000)
  from space 18432K, 98% used [0x0000000786180000,0x00000007873440f8,0x0000000787380000)
  to   space 23552K, 0% used [0x0000000784580000,0x0000000784580000,0x0000000785c80000)
 ParOldGen       total 202752K, used 44458K [0x00000006c1000000, 0x00000006cd600000, 0x000000076b000000)
  object space 202752K, 21% used [0x00000006c1000000,0x00000006c3b6aa50,0x00000006cd600000)
 Metaspace       used 42785K, capacity 44324K, committed 44544K, reserved 1087488K
  class space    used 5448K, capacity 5808K, committed 5888K, reserved 1048576K
}
Event: 37.519 GC heap before
{Heap before GC invocations=11 (full 2):
 PSYoungGen      total 365056K, used 364816K [0x000000076b000000, 0x0000000787380000, 0x00000007c0000000)
  eden space 346624K, 100% used [0x000000076b000000,0x0000000780280000,0x0000000780280000)
  from space 18432K, 98% used [0x0000000786180000,0x00000007873440f8,0x0000000787380000)
  to   space 23552K, 0% used [0x0000000784580000,0x0000000784580000,0x0000000785c80000)
 ParOldGen       total 202752K, used 44458K [0x00000006c1000000, 0x00000006cd600000, 0x000000076b000000)
  object space 202752K, 21% used [0x00000006c1000000,0x00000006c3b6aa50,0x00000006cd600000)
 Metaspace       used 54985K, capacity 57342K, committed 57600K, reserved 1099776K
  class space    used 7136K, capacity 7617K, committed 7680K, reserved 1048576K
Event: 37.540 GC heap after
Heap after GC invocations=11 (full 2):
 PSYoungGen      total 428544K, used 23536K [0x000000076b000000, 0x0000000787280000, 0x00000007c0000000)
  eden space 404992K, 0% used [0x000000076b000000,0x000000076b000000,0x0000000783b80000)
  from space 23552K, 99% used [0x0000000784580000,0x0000000785c7c350,0x0000000785c80000)
  to   space 22528K, 0% used [0x0000000785c80000,0x0000000785c80000,0x0000000787280000)
 ParOldGen       total 202752K, used 49004K [0x00000006c1000000, 0x00000006cd600000, 0x000000076b000000)
  object space 202752K, 24% used [0x00000006c1000000,0x00000006c3fdb040,0x00000006cd600000)
 Metaspace       used 54985K, capacity 57342K, committed 57600K, reserved 1099776K
  class space    used 7136K, capacity 7617K, committed 7680K, reserved 1048576K
}
Event: 38.198 GC heap before
{Heap before GC invocations=12 (full 2):
 PSYoungGen      total 428544K, used 100640K [0x000000076b000000, 0x0000000787280000, 0x00000007c0000000)
  eden space 404992K, 19% used [0x000000076b000000,0x000000076fb4be78,0x0000000783b80000)
  from space 23552K, 99% used [0x0000000784580000,0x0000000785c7c350,0x0000000785c80000)
  to   space 22528K, 0% used [0x0000000785c80000,0x0000000785c80000,0x0000000787280000)
 ParOldGen       total 202752K, used 49004K [0x00000006c1000000, 0x00000006cd600000, 0x000000076b000000)
  object space 202752K, 24% used [0x00000006c1000000,0x00000006c3fdb040,0x00000006cd600000)
 Metaspace       used 56553K, capacity 59066K, committed 59136K, reserved 1099776K
  class space    used 7362K, capacity 7873K, committed 7936K, reserved 1048576K
Event: 38.213 GC heap after
Heap after GC invocations=12 (full 2):
 PSYoungGen      total 432128K, used 22525K [0x000000076b000000, 0x000000078c400000, 0x00000007c0000000)
  eden space 409600K, 0% used [0x000000076b000000,0x000000076b000000,0x0000000784000000)
  from space 22528K, 99% used [0x0000000785c80000,0x000000078727f7d0,0x0000000787280000)
  to   space 29184K, 0% used [0x0000000784000000,0x0000000784000000,0x0000000785c80000)
 ParOldGen       total 202752K, used 49191K [0x00000006c1000000, 0x00000006cd600000, 0x000000076b000000)
  object space 202752K, 24% used [0x00000006c1000000,0x00000006c4009f60,0x00000006cd600000)
 Metaspace       used 56553K, capacity 59066K, committed 59136K, reserved 1099776K
  class space    used 7362K, capacity 7873K, committed 7936K, reserved 1048576K
}
Event: 38.213 GC heap before
{Heap before GC invocations=13 (full 3):
 PSYoungGen      total 432128K, used 22525K [0x000000076b000000, 0x000000078c400000, 0x00000007c0000000)
  eden space 409600K, 0% used [0x000000076b000000,0x000000076b000000,0x0000000784000000)
  from space 22528K, 99% used [0x0000000785c80000,0x000000078727f7d0,0x0000000787280000)
  to   space 29184K, 0% used [0x0000000784000000,0x0000000784000000,0x0000000785c80000)
 ParOldGen       total 202752K, used 49191K [0x00000006c1000000, 0x00000006cd600000, 0x000000076b000000)
  object space 202752K, 24% used [0x00000006c1000000,0x00000006c4009f60,0x00000006cd600000)
 Metaspace       used 56553K, capacity 59066K, committed 59136K, reserved 1099776K
  class space    used 7362K, capacity 7873K, committed 7936K, reserved 1048576K
Event: 38.364 GC heap after
Heap after GC invocations=13 (full 3):
 PSYoungGen      total 432128K, used 0K [0x000000076b000000, 0x000000078c400000, 0x00000007c0000000)
  eden space 409600K, 0% used [0x000000076b000000,0x000000076b000000,0x0000000784000000)
  from space 22528K, 0% used [0x0000000785c80000,0x0000000785c80000,0x0000000787280000)
  to   space 29184K, 0% used [0x0000000784000000,0x0000000784000000,0x0000000785c80000)
 ParOldGen       total 202752K, used 56800K [0x00000006c1000000, 0x00000006cd600000, 0x000000076b000000)
  object space 202752K, 28% used [0x00000006c1000000,0x00000006c4778360,0x00000006cd600000)
 Metaspace       used 56553K, capacity 59066K, committed 59136K, reserved 1099776K
  class space    used 7362K, capacity 7873K, committed 7936K, reserved 1048576K
}

Deoptimization events (10 events):
Event: 44.765 Thread 0x000000001eddf800 Uncommon trap: reason=class_check action=maybe_recompile pc=0x00000000047a45cc method=java.util.Collections$UnmodifiableCollection.contains(Ljava/lang/Object;)Z @ 5
Event: 44.765 Thread 0x000000001eddf800 Uncommon trap: reason=class_check action=maybe_recompile pc=0x0000000004a3b6cc method=org.springframework.util.ReflectionUtils.doWithMethods(Ljava/lang/Class;Lorg/springframework/util/ReflectionUtils$MethodCallback;Lorg/springframework/util/ReflectionUtil
Event: 44.765 Thread 0x000000001eddf800 Uncommon trap: reason=class_check action=maybe_recompile pc=0x0000000004a3b6cc method=org.springframework.util.ReflectionUtils.doWithMethods(Ljava/lang/Class;Lorg/springframework/util/ReflectionUtils$MethodCallback;Lorg/springframework/util/ReflectionUtil
Event: 44.766 Thread 0x000000001eddf800 Uncommon trap: reason=class_check action=maybe_recompile pc=0x000000000402bbe4 method=java.util.HashMap.computeIfAbsent(Ljava/lang/Object;Ljava/util/function/Function;)Ljava/lang/Object; @ 263
Event: 44.774 Thread 0x000000001eddf800 Uncommon trap: reason=null_check action=make_not_entrant pc=0x00000000043176a8 method=org.springframework.util.ClassUtils.isAssignable(Ljava/lang/Class;Ljava/lang/Class;)Z @ 14
Event: 44.872 Thread 0x000000001eddf800 Uncommon trap: reason=unstable_if action=reinterpret pc=0x0000000004a2b1c0 method=java.lang.reflect.Executable.sharedToGenericString(IZ)Ljava/lang/String; @ 65
Event: 44.896 Thread 0x000000001eddf800 Uncommon trap: reason=class_check action=maybe_recompile pc=0x00000000036f284c method=java.util.Collections$UnmodifiableMap.isEmpty()Z @ 4
Event: 44.941 Thread 0x000000001eddf800 Uncommon trap: reason=unstable_if action=reinterpret pc=0x0000000003707ce4 method=java.util.regex.Pattern$CharProperty.match(Ljava/util/regex/Matcher;ILjava/lang/CharSequence;)Z @ 40
Event: 45.021 Thread 0x000000001eddf800 Uncommon trap: reason=unstable_if action=reinterpret pc=0x00000000043754b8 method=sun.reflect.generics.repository.ConstructorRepository.getExceptionTypes()[Ljava/lang/reflect/Type; @ 29
Event: 45.081 Thread 0x000000001eddf800 Uncommon trap: reason=unstable_if action=reinterpret pc=0x0000000002fe8ad4 method=org.springframework.beans.factory.support.DefaultSingletonBeanRegistry.getSingleton(Ljava/lang/String;Z)Ljava/lang/Object; @ 47

Internal exceptions (10 events):
Event: 45.236 Thread 0x000000001eddf800 Exception <a 'java/lang/ClassNotFoundException': org/springframework/data/rest/webmvc/RepositoryControllerCustomizer> (0x000000077d6d2b98) thrown at [C:\re\workspace\8-2-build-windows-amd64-cygwin\jdk8u151\9699\hotspot\src\share\vm\classfile\systemDiction
Event: 45.240 Thread 0x000000001eddf800 Exception <a 'java/lang/ClassNotFoundException': java/lang/ObjectCustomizer> (0x000000077d704dc8) thrown at [C:\re\workspace\8-2-build-windows-amd64-cygwin\jdk8u151\9699\hotspot\src\share\vm\classfile\systemDictionary.cpp, line 210]
Event: 45.241 Thread 0x000000001eddf800 Exception <a 'java/lang/ClassNotFoundException': org/springframework/messaging/converter/CompositeMessageConverterCustomizer> (0x000000077d72f978) thrown at [C:\re\workspace\8-2-build-windows-amd64-cygwin\jdk8u151\9699\hotspot\src\share\vm\classfile\syste
Event: 45.242 Thread 0x000000001eddf800 Exception <a 'java/lang/ClassNotFoundException': org/springframework/integration/support/converter/ConfigurableCompositeMessageConverterCustomizer> (0x000000077d76ae98) thrown at [C:\re\workspace\8-2-build-windows-amd64-cygwin\jdk8u151\9699\hotspot\src\sh
Event: 45.243 Thread 0x000000001eddf800 Exception <a 'java/lang/ClassNotFoundException': org/springframework/beans/factory/BeanFactoryAwareCustomizer> (0x000000077d7928c0) thrown at [C:\re\workspace\8-2-build-windows-amd64-cygwin\jdk8u151\9699\hotspot\src\share\vm\classfile\systemDictionary.cpp
Event: 45.244 Thread 0x000000001eddf800 Exception <a 'java/lang/ClassNotFoundException': org/springframework/beans/factory/AwareCustomizer> (0x000000077d7b02e0) thrown at [C:\re\workspace\8-2-build-windows-amd64-cygwin\jdk8u151\9699\hotspot\src\share\vm\classfile\systemDictionary.cpp, line 210]
Event: 45.245 Thread 0x000000001eddf800 Exception <a 'java/lang/ClassNotFoundException': org/springframework/beans/factory/InitializingBeanCustomizer> (0x000000077d7d1140) thrown at [C:\re\workspace\8-2-build-windows-amd64-cygwin\jdk8u151\9699\hotspot\src\share\vm\classfile\systemDictionary.cpp
Event: 45.246 Thread 0x000000001eddf800 Exception <a 'java/lang/ClassNotFoundException': org/springframework/messaging/converter/SmartMessageConverterCustomizer> (0x000000077d7f6db0) thrown at [C:\re\workspace\8-2-build-windows-amd64-cygwin\jdk8u151\9699\hotspot\src\share\vm\classfile\systemDic
Event: 45.247 Thread 0x000000001eddf800 Exception <a 'java/lang/ClassNotFoundException': org/springframework/messaging/converter/MessageConverterCustomizer> (0x000000077d81db00) thrown at [C:\re\workspace\8-2-build-windows-amd64-cygwin\jdk8u151\9699\hotspot\src\share\vm\classfile\systemDictiona
Event: 45.257 Thread 0x000000001eddf800 Exception <a 'java/lang/ClassNotFoundException': java/lang/ObjectCustomizer> (0x000000077d8945b0) thrown at [C:\re\workspace\8-2-build-windows-amd64-cygwin\jdk8u151\9699\hotspot\src\share\vm\classfile\systemDictionary.cpp, line 210]

Events (10 events):
Event: 45.254 loading class org/springframework/integration/util/BeanFactoryTypeConverter
Event: 45.254 loading class org/springframework/integration/util/BeanFactoryTypeConverter done
Event: 45.255 loading class org/springframework/integration/support/MessageBuilder
Event: 45.255 loading class org/springframework/integration/support/MessageBuilder done
Event: 45.257 loading class java/lang/ObjectCustomizer
Event: 45.257 loading class java/lang/ObjectCustomizer done
Event: 45.257 loading class java/lang/ObjectCustomizer
Event: 45.257 loading class java/lang/ObjectCustomizer done
Event: 45.257 loading class org/springframework/integration/util/AbstractExpressionEvaluatorCustomizer
Event: 45.257 loading class org/springframework/integration/util/AbstractExpressionEvaluatorCustomizer done


Dynamic libraries:
0x00007ff645380000 - 0x00007ff6453b7000 	C:\Program Files\Java\jdk1.8.0_151\bin\java.exe
0x00007ff8cbb30000 - 0x00007ff8cbd25000 	C:\WINDOWS\SYSTEM32\ntdll.dll
0x00007ff8cad90000 - 0x00007ff8cae4d000 	C:\WINDOWS\System32\KERNEL32.DLL
0x00007ff8c96e0000 - 0x00007ff8c99a7000 	C:\WINDOWS\System32\KERNELBASE.dll
0x00007ff8cb500000 - 0x00007ff8cb5aa000 	C:\WINDOWS\System32\ADVAPI32.dll
0x00007ff8caf10000 - 0x00007ff8cafae000 	C:\WINDOWS\System32\msvcrt.dll
0x00007ff8cb3f0000 - 0x00007ff8cb48b000 	C:\WINDOWS\System32\sechost.dll
0x00007ff8cb5b0000 - 0x00007ff8cb6d3000 	C:\WINDOWS\System32\RPCRT4.dll
0x00007ff8c9ba0000 - 0x00007ff8c9d40000 	C:\WINDOWS\System32\USER32.dll
0x00007ff8c9b40000 - 0x00007ff8c9b62000 	C:\WINDOWS\System32\win32u.dll
0x00007ff8cad00000 - 0x00007ff8cad2a000 	C:\WINDOWS\System32\GDI32.dll
0x00007ff8c99b0000 - 0x00007ff8c9aba000 	C:\WINDOWS\System32\gdi32full.dll
0x00007ff8c93e0000 - 0x00007ff8c947d000 	C:\WINDOWS\System32\msvcp_win.dll
0x00007ff8c9480000 - 0x00007ff8c9580000 	C:\WINDOWS\System32\ucrtbase.dll
0x00007ff8bcf00000 - 0x00007ff8bd19a000 	C:\WINDOWS\WinSxS\amd64_microsoft.windows.common-controls_6595b64144ccf1df_6.0.19041.1_none_b555e41d4684ddec\COMCTL32.dll
0x00007ff8cb2a0000 - 0x00007ff8cb2d0000 	C:\WINDOWS\System32\IMM32.DLL
0x0000000054f50000 - 0x0000000055022000 	C:\Program Files\Java\jdk1.8.0_151\jre\bin\msvcr100.dll
0x00000000546b0000 - 0x0000000054f4d000 	C:\Program Files\Java\jdk1.8.0_151\jre\bin\server\jvm.dll
0x00007ff8ca360000 - 0x00007ff8ca368000 	C:\WINDOWS\System32\PSAPI.DLL
0x00007ff8c6b50000 - 0x00007ff8c6b59000 	C:\WINDOWS\SYSTEM32\WSOCK32.dll
0x00007ff8cb490000 - 0x00007ff8cb4fb000 	C:\WINDOWS\System32\WS2_32.dll
0x00007ff8bced0000 - 0x00007ff8bcef7000 	C:\WINDOWS\SYSTEM32\WINMM.dll
0x00007ff8c2e60000 - 0x00007ff8c2e6a000 	C:\WINDOWS\SYSTEM32\VERSION.dll
0x00000000546a0000 - 0x00000000546af000 	C:\Program Files\Java\jdk1.8.0_151\jre\bin\verify.dll
0x0000000054670000 - 0x0000000054699000 	C:\Program Files\Java\jdk1.8.0_151\jre\bin\java.dll
0x0000000054640000 - 0x0000000054663000 	C:\Program Files\Java\jdk1.8.0_151\jre\bin\instrument.dll
0x0000000054620000 - 0x0000000054636000 	C:\Program Files\Java\jdk1.8.0_151\jre\bin\zip.dll
0x00007ff8ca410000 - 0x00007ff8cab50000 	C:\WINDOWS\System32\SHELL32.dll
0x00007ff8c7420000 - 0x00007ff8c7bb1000 	C:\WINDOWS\SYSTEM32\windows.storage.dll
0x00007ff8cb6e0000 - 0x00007ff8cba33000 	C:\WINDOWS\System32\combase.dll
0x00007ff8c8c30000 - 0x00007ff8c8c5c000 	C:\WINDOWS\SYSTEM32\Wldp.dll
0x00007ff8cba40000 - 0x00007ff8cbaee000 	C:\WINDOWS\System32\SHCORE.dll
0x00007ff8cad30000 - 0x00007ff8cad85000 	C:\WINDOWS\System32\shlwapi.dll
0x00007ff8c91c0000 - 0x00007ff8c91df000 	C:\WINDOWS\SYSTEM32\profapi.dll
0x00007ff8c0120000 - 0x00007ff8c013a000 	C:\Program Files\JetBrains\IntelliJ IDEA 2017.2.6\bin\breakgen64.dll
0x0000000054600000 - 0x000000005461a000 	C:\Program Files\Java\jdk1.8.0_151\jre\bin\net.dll
0x00007ff8c89b0000 - 0x00007ff8c8a1a000 	C:\WINDOWS\system32\mswsock.dll
0x00000000545e0000 - 0x00000000545f1000 	C:\Program Files\Java\jdk1.8.0_151\jre\bin\nio.dll
0x00007ff8c86a0000 - 0x00007ff8c86db000 	C:\WINDOWS\SYSTEM32\IPHLPAPI.DLL
0x00007ff8ca400000 - 0x00007ff8ca409000 	C:\WINDOWS\System32\NSI.dll
0x00007ff8c1a90000 - 0x00007ff8c1aa7000 	C:\WINDOWS\SYSTEM32\dhcpcsvc6.DLL
0x00007ff8c1a40000 - 0x00007ff8c1a5d000 	C:\WINDOWS\SYSTEM32\dhcpcsvc.DLL
0x00007ff8c86e0000 - 0x00007ff8c87aa000 	C:\WINDOWS\SYSTEM32\DNSAPI.dll
0x00000000545d0000 - 0x00000000545dd000 	C:\Program Files\Java\jdk1.8.0_151\jre\bin\management.dll
0x00007ff8c0ca0000 - 0x00007ff8c0cb7000 	C:\WINDOWS\system32\napinsp.dll
0x00007ff8bb3a0000 - 0x00007ff8bb3bb000 	C:\WINDOWS\system32\pnrpnsp.dll
0x00007ff8c42c0000 - 0x00007ff8c42d5000 	C:\WINDOWS\system32\wshbth.dll
0x00007ff8c2dc0000 - 0x00007ff8c2ddd000 	C:\WINDOWS\system32\NLAapi.dll
0x00007ff8ba840000 - 0x00007ff8ba852000 	C:\WINDOWS\System32\winrnr.dll
0x00007ff8c2c40000 - 0x00007ff8c2c4a000 	C:\Windows\System32\rasadhlp.dll
0x00007ff8c1100000 - 0x00007ff8c117f000 	C:\WINDOWS\System32\fwpuclnt.dll
0x00007ff8c9b70000 - 0x00007ff8c9b97000 	C:\WINDOWS\System32\bcrypt.dll
0x00007ff8c8b90000 - 0x00007ff8c8ba8000 	C:\WINDOWS\SYSTEM32\CRYPTSP.dll
0x00007ff8c8340000 - 0x00007ff8c8374000 	C:\WINDOWS\system32\rsaenh.dll
0x00007ff8c9140000 - 0x00007ff8c916e000 	C:\WINDOWS\SYSTEM32\USERENV.dll
0x00007ff8c9ac0000 - 0x00007ff8c9b3f000 	C:\WINDOWS\System32\bcryptprimitives.dll
0x00007ff8c8b80000 - 0x00007ff8c8b8c000 	C:\WINDOWS\SYSTEM32\CRYPTBASE.dll

VM Arguments:
jvm_args: -Dmaven.multiModuleProjectDirectory=C:\Users\mj975\Downloads\mall\delivery -Dmaven.home=C:\Program Files\JetBrains\IntelliJ IDEA 2017.2.6\plugins\maven\lib\maven3 -Dclassworlds.conf=C:\Program Files\JetBrains\IntelliJ IDEA 2017.2.6\plugins\maven\lib\maven3\bin\m2.conf -javaagent:C:\Program Files\JetBrains\IntelliJ IDEA 2017.2.6\lib\idea_rt.jar=6002:C:\Program Files\JetBrains\IntelliJ IDEA 2017.2.6\bin -Dfile.encoding=UTF-8 
java_command: org.codehaus.classworlds.Launcher -Didea.version=2017.2.7 org.springframework.boot:spring-boot-maven-plugin:2.1.9.RELEASE:run
java_class_path (initial): C:\Program Files\JetBrains\IntelliJ IDEA 2017.2.6\plugins\maven\lib\maven3\boot\plexus-classworlds-2.5.2.jar;C:\Program Files\JetBrains\IntelliJ IDEA 2017.2.6\lib\idea_rt.jar
Launcher Type: SUN_STANDARD

Environment Variables:
PATH=D:\app\oracle\product\12.1.0\dbhome_1\bin;C:\Program Files (x86)\NAT Service;C:\Program Files (x86)\Common Files\Oracle\Java\javapath;C:\ProgramData\Oracle\Java\javapath;C:\Program Files\NVIDIA GPU Computing Toolkit\CUDA\v8.0\bin;C:\Program Files\NVIDIA GPU Computing Toolkit\CUDA\v8.0\libnvvp;C:\Program Files\Python36\Scripts\;C:\Program Files\Python36\;C:\Windows\system32;C:\Windows;C:\Windows\System32\Wbem;C:\Windows\System32\WindowsPowerShell\v1.0\;C:\Program Files (x86)\NVIDIA Corporation\PhysX\Common;C:\Program Files\NVIDIA GPU Computing Toolkit\CUDA\v8.0\cuda\bin;C:\Program Files\NVIDIA GPU Computing Toolkit\CUDA\v8.0;C:\Program Files\NVIDIA GPU Computing Toolkit\CUDA\v8.0\cuda\;C:\Program Files\Git\cmd;C:\Program Files\dotnet\;C:\WINDOWS\system32;C:\WINDOWS;C:\WINDOWS\System32\Wbem;C:\WINDOWS\System32\WindowsPowerShell\v1.0\;C:\WINDOWS\System32\OpenSSH\;C:\Users\mj975\AppData\Roaming\nvm;C:\Program Files\nodejs;C:\Program Files\Python36\Scripts;C:\Users\mj975\anaconda3;C:\Users\mj975\anaconda3\Library\mingw-w64\bin;C:\Users\mj975\anaconda3\Library\usr\bin;C:\Users\mj975\anaconda3\Library\bin;C:\Users\mj975\anaconda3\Scripts;C:\Users\mj975\AppData\Local\Microsoft\WindowsApps;C:\Program Files\Bandizip\;C:\Users\mj975\AppData\Roaming\nvm;C:\Program Files\nodejs;C:\Users\mj975\AppData\Local\Programs\Microsoft VS Code\bin;
USERNAME=mj975
OS=Windows_NT
PROCESSOR_IDENTIFIER=Intel64 Family 6 Model 94 Stepping 3, GenuineIntel



---------------  S Y S T E M  ---------------

OS: Windows 10.0 , 64 bit Build 19041 (10.0.19041.292)

CPU:total 4 (initial active 4) (4 cores per cpu, 1 threads per core) family 6 model 94 stepping 3, cmov, cx8, fxsr, mmx, sse, sse2, sse3, ssse3, sse4.1, sse4.2, popcnt, avx, avx2, aes, clmul, erms, rtm, 3dnowpref, lzcnt, tsc, tscinvbit, bmi1, bmi2, adx

Memory: 4k page, physical 16708576k(2956736k free), swap 39489404k(5584k free)

vm_info: Java HotSpot(TM) 64-Bit Server VM (25.151-b12) for windows-amd64 JRE (1.8.0_151-b12), built on Sep  5 2017 19:33:46 by "java_re" with MS VC++ 10.0 (VS2010)

time: Thu Sep 24 14:53:04 2020
elapsed time: 45 seconds (0d 0h 0m 45s)

